<?xml version="1.0" encoding="utf-8" standalone="no"?>
<test-results xmlns:xsi="http://www.w3.org/2001/XMLSchema-instance" xsi:noNamespaceSchemaLocation="nunit_schema_2.5.xsd" name="Pester" total="1" errors="0" failures="0" not-run="0" inconclusive="0" ignored="0" skipped="0" invalid="0" date="2023-12-19" time="09:22:34">
  <environment user="Chris.Lumnah" machine-name="AMER-C02F54CDML7H" nunit-version="2.5.8.0" platform="Darwin" user-domain="" clr-version="8.0.0" cwd="/Users/Chris.Lumnah/Library/CloudStorage/GoogleDrive-chris.lumnah@rubrik.com/My Drive/1.Projects/Powershell SDK/rubrik-powershell-sdk" os-version="23.3.0" />
  <culture-info current-culture="en-US" current-uiculture="en-US" />
  <test-suite type="TestFixture" name="Pester" executed="True" result="Success" success="True" time="1.0408" asserts="0" description="Pester">
    <results>
      <test-suite type="TestFixture" name="/Users/Chris.Lumnah/Library/CloudStorage/GoogleDrive-chris.lumnah@rubrik.com/My Drive/1.Projects/Powershell SDK/rubrik-powershell-sdk/Toolkit/Tests/unit/ToolkitIntegrity.Tests.ps1" executed="True" result="Success" success="True" time="1.0408" asserts="0" description="/Users/Chris.Lumnah/Library/CloudStorage/GoogleDrive-chris.lumnah@rubrik.com/My Drive/1.Projects/Powershell SDK/rubrik-powershell-sdk/Toolkit/Tests/unit/ToolkitIntegrity.Tests.ps1">
        <results>
          <test-suite type="TestFixture" name="Toolkit" executed="True" result="Success" success="True" time="0.3502" asserts="0" description="Toolkit">
            <results>
              <test-case description="Toolkit" name="Toolkit.Toolkit" time="0.2462" asserts="0" success="True" result="Success" executed="True" />
            </results>
          </test-suite>
        </results>
      </test-suite>
    </results>
  </test-suite>
</test-results>