<?xml version="1.0" encoding="utf-8" standalone="no"?>
<test-results xmlns:xsi="http://www.w3.org/2001/XMLSchema-instance" xsi:noNamespaceSchemaLocation="nunit_schema_2.5.xsd" name="Pester" total="1" errors="0" failures="0" not-run="0" inconclusive="0" ignored="0" skipped="0" invalid="0" date="2023-11-02" time="20:01:51">
  <environment os-version="23.2.0" user="Chris.Lumnah" cwd="/Users/Chris.Lumnah/Library/CloudStorage/GoogleDrive-chris.lumnah@rubrik.com/My Drive/1.Projects/Powershell SDK/rubrik-powershell-sdk" platform="Darwin" machine-name="Chriss-MacBook-Pro.local" nunit-version="2.5.8.0" clr-version="7.0.13" user-domain="" />
  <culture-info current-culture="en-US" current-uiculture="en-US" />
  <test-suite type="TestFixture" name="Pester" executed="True" result="Success" success="True" time="0.2471" asserts="0" description="Pester">
    <results>
      <test-suite type="TestFixture" name="/Users/Chris.Lumnah/Library/CloudStorage/GoogleDrive-chris.lumnah@rubrik.com/My Drive/1.Projects/Powershell SDK/rubrik-powershell-sdk/Toolkit/Tests/unit/ToolkitIntegrity.Tests.ps1" executed="True" result="Success" success="True" time="0.2471" asserts="0" description="/Users/Chris.Lumnah/Library/CloudStorage/GoogleDrive-chris.lumnah@rubrik.com/My Drive/1.Projects/Powershell SDK/rubrik-powershell-sdk/Toolkit/Tests/unit/ToolkitIntegrity.Tests.ps1">
        <results>
          <test-suite type="TestFixture" name="Toolkit" executed="True" result="Success" success="True" time="0.0998" asserts="0" description="Toolkit">
            <results>
              <test-case description="Toolkit" name="Toolkit.Toolkit" time="0.0888" asserts="0" success="True" result="Success" executed="True" />
            </results>
          </test-suite>
        </results>
      </test-suite>
    </results>
  </test-suite>
</test-results>